<?xml version="1.0" encoding="UTF-8"?>
<testng-results ignored="0" total="1" passed="1" failed="0" skipped="0">
  <reporter-output>
  </reporter-output>
  <suite started-at="2023-11-30T12:14:30 IST" name="Default suite" finished-at="2023-11-30T12:14:59 IST" duration-ms="28821">
    <groups>
    </groups>
    <test started-at="2023-11-30T12:14:30 IST" name="Default test" finished-at="2023-11-30T12:14:59 IST" duration-ms="28821">
      <class name="Generalstore_test.Formpage_test">
        <test-method is-config="true" signature="setup()[pri:0, instance:Generalstore_test.Formpage_test@1afd44cb]" started-at="2023-11-30T12:14:30 IST" name="setup" finished-at="2023-11-30T12:14:51 IST" duration-ms="20524" status="PASS">
          <reporter-output>
          </reporter-output>
        </test-method> <!-- setup -->
        <test-method signature="form()[pri:0, instance:Generalstore_test.Formpage_test@1afd44cb]" started-at="2023-11-30T12:14:51 IST" name="form" finished-at="2023-11-30T12:14:59 IST" duration-ms="8207" status="PASS">
          <reporter-output>
          </reporter-output>
        </test-method> <!-- form -->
      </class> <!-- Generalstore_test.Formpage_test -->
    </test> <!-- Default test -->
  </suite> <!-- Default suite -->
</testng-results>
